[18:39:49] [main/INFO]: Reloading ResourceManager: Default, bukkit
[18:39:50] [Worker-Main-13/INFO]: Loaded 7 recipes
[18:39:54] [Server thread/INFO]: Starting minecraft server version 1.16.5
[18:39:54] [Server thread/INFO]: Loading properties
[18:39:55] [Server thread/INFO]: This server is running CraftBukkit version 3011-Spigot-73fb609-d5c5d99 (MC: 1.16.5) (Implementing API version 1.16.5-R0.1-SNAPSHOT)
[18:39:55] [Server thread/INFO]: Debug logging is disabled
[18:39:55] [Server thread/INFO]: Using 4 threads for Netty based IO
[18:39:55] [Server thread/INFO]: Server Ping Player Sample Count: 12
[18:39:55] [Server thread/INFO]: Default game type: SURVIVAL
[18:39:55] [Server thread/INFO]: Generating keypair
[18:39:55] [Server thread/INFO]: Starting Minecraft server on 192.168.0.137:25565
[18:39:55] [Server thread/INFO]: Using default channel type
[18:40:01] [Server thread/INFO]: [AsyncWorldEdit] Injector platform set to: InjectorBukkit
[18:40:01] [Server thread/INFO]: [AsyncWorldEdit] Injecting NMS classes...
[18:40:01] [Server thread/INFO]: [AsyncWorldEdit] Injecting WorldEdit classes...
[18:40:01] [Server thread/INFO]: [AsyncWorldEdit] Modify class com.sk89q.worldedit.util.eventbus.EventBus
[18:40:01] [Server thread/WARN]: [WorldEdit] Loaded class org.primesoft.asyncworldedit.injector.injected.util.eventbus.IDispatchableEventBus from AsyncWorldEdit v3.8.0 which is not a depend, softdepend or loadbefore of this plugin.
[18:40:01] [Server thread/INFO]: [AsyncWorldEdit] Modify class com.sk89q.worldedit.math.BlockVector2
[18:40:01] [Server thread/INFO]: [AsyncWorldEdit] Modify class com.sk89q.worldedit.math.BlockVector3
[18:40:01] [Server thread/INFO]: [AsyncWorldEdit] Modify class com.sk89q.worldedit.math.Vector2
[18:40:01] [Server thread/INFO]: [AsyncWorldEdit] Modify class com.sk89q.worldedit.math.Vector3
[18:40:01] [Server thread/INFO]: [AsyncWorldEdit] Modify class com.sk89q.worldedit.world.block.BlockStateHolder
[18:40:01] [Server thread/INFO]: [AsyncWorldEdit] Modify class com.sk89q.worldedit.world.block.BaseBlock
[18:40:01] [Server thread/INFO]: [AsyncWorldEdit] Modify class com.sk89q.worldedit.world.block.BlockState
[18:40:01] [Server thread/INFO]: [AsyncWorldEdit] Modify class com.sk89q.worldedit.entity.BaseEntity
[18:40:01] [Server thread/INFO]: [AsyncWorldEdit] Modify class com.sk89q.worldedit.util.Location
[18:40:01] [Server thread/INFO]: [AsyncWorldEdit] Modify class com.sk89q.worldedit.world.biome.BiomeType
[18:40:01] [Server thread/INFO]: [AsyncWorldEdit] Modify class com.sk89q.worldedit.world.weather.WeatherType
[18:40:01] [Server thread/INFO]: [AsyncWorldEdit] Modify class com.sk89q.worldedit.EditSession
[18:40:01] [Server thread/INFO]: [AsyncWorldEdit] Modify class com.sk89q.worldedit.extent.AbstractDelegateExtent
[18:40:01] [Server thread/INFO]: [AsyncWorldEdit] Modify class com.sk89q.worldedit.function.operation.Operations
[18:40:01] [Server thread/INFO]: [AsyncWorldEdit] Modify class com.sk89q.worldedit.extent.clipboard.BlockArrayClipboard
[18:40:01] [Server thread/INFO]: [AsyncWorldEdit] Modify class com.sk89q.worldedit.extension.platform.PlayerProxy
[18:40:01] [Server thread/INFO]: [AsyncWorldEdit] Modify class com.sk89q.worldedit.util.collection.LocatedBlockList
[18:40:01] [Server thread/INFO]: [AsyncWorldEdit] Modify class com.sk89q.worldedit.extent.reorder.MultiStageReorder
[18:40:01] [Server thread/INFO]: [AsyncWorldEdit] Modify class com.sk89q.worldedit.extent.reorder.ChunkBatchingExtent
[18:40:01] [Server thread/INFO]: [AsyncWorldEdit] Modify class com.sk89q.worldedit.regions.AbstractRegion
[18:40:01] [Server thread/INFO]: [AsyncWorldEdit] Modify class com.sk89q.worldedit.regions.EllipsoidRegion
[18:40:01] [Server thread/INFO]: [AsyncWorldEdit] Modify class com.sk89q.worldedit.regions.ConvexPolyhedralRegion
[18:40:01] [Server thread/INFO]: [AsyncWorldEdit] Modify class com.sk89q.worldedit.regions.TransformRegion
[18:40:01] [Server thread/INFO]: [AsyncWorldEdit] Modify class com.sk89q.worldedit.regions.RegionIntersection
[18:40:01] [Server thread/INFO]: [AsyncWorldEdit] Modify class com.sk89q.worldedit.regions.NullRegion
[18:40:01] [Server thread/INFO]: [AsyncWorldEdit] Modify class com.sk89q.worldedit.regions.Polygonal2DRegion
[18:40:01] [Server thread/INFO]: [AsyncWorldEdit] Modify class com.sk89q.worldedit.regions.CylinderRegion
[18:40:01] [Server thread/INFO]: [AsyncWorldEdit] Modify class com.sk89q.worldedit.regions.CuboidRegion
[18:40:01] [Server thread/INFO]: [AsyncWorldEdit] Modify class com.sk89q.worldedit.command.SnapshotUtilCommands
[18:40:01] [Server thread/INFO]: [AsyncWorldEdit] Modify class com.sk89q.worldedit.command.ScriptingCommands
[18:40:02] [Server thread/INFO]: [AsyncWorldEdit] Modify class com.sk89q.worldedit.command.SchematicCommands
[18:40:02] [Server thread/INFO]: [AsyncWorldEdit] Modify class com.sk89q.worldedit.command.RegionCommands
[18:40:02] [Server thread/INFO]: [AsyncWorldEdit] Modify class com.sk89q.worldedit.command.UtilityCommandsRegistration
[18:40:02] [Server thread/INFO]: [AsyncWorldEdit] Modify class com.sk89q.worldedit.bukkit.BukkitEntity
[18:40:02] [Server thread/INFO]: [AsyncWorldEdit] Modify class com.sk89q.worldedit.command.RegionCommandsRegistration
[18:40:02] [Server thread/INFO]: [AsyncWorldEdit] Modify class com.sk89q.worldedit.function.mask.AbstractExtentMask
[18:40:02] [Server thread/INFO]: [AsyncWorldEdit] Modify class com.sk89q.worldedit.LocalSession
[18:40:02] [Server thread/INFO]: [AsyncWorldEdit] Modify class com.sk89q.worldedit.session.SessionManager
[18:40:02] [Server thread/INFO]: [AsyncWorldEdit] Modify class com.sk89q.worldedit.extent.ChangeSetExtent
[18:40:02] [Server thread/INFO]: [AsyncWorldEdit] Modify class com.sk89q.worldedit.extent.world.ChunkLoadingExtent
[18:40:02] [Server thread/INFO]: [AsyncWorldEdit] Modify class com.sk89q.worldedit.command.tool.BrushTool
[18:40:02] [Server thread/INFO]: [AsyncWorldEdit] Modify class com.sk89q.worldedit.command.tool.BlockReplacer
[18:40:02] [Server thread/INFO]: [AsyncWorldEdit] Modify class com.sk89q.worldedit.command.tool.FloodFillTool
[18:40:02] [Server thread/INFO]: [AsyncWorldEdit] Modify class com.sk89q.worldedit.command.tool.TreePlanter
[18:40:02] [Server thread/INFO]: [AsyncWorldEdit] Modify class com.sk89q.worldedit.command.tool.AreaPickaxe
[18:40:02] [Server thread/INFO]: [AsyncWorldEdit] Modify class com.sk89q.worldedit.command.tool.RecursivePickaxe
[18:40:02] [Server thread/INFO]: [AsyncWorldEdit] Modify class com.sk89q.worldedit.WorldEdit
[18:40:02] [Server thread/INFO]: [AsyncWorldEdit] Modify class com.sk89q.worldedit.EditSessionBuilder
[18:40:02] [Server thread/INFO]: [AsyncWorldEdit] Modify class com.sk89q.worldedit.function.entity.ExtentEntityCopy
[18:40:02] [Server thread/INFO]: [AsyncWorldEdit] Modify class com.sk89q.worldedit.function.block.ExtentBlockCopy
[18:40:02] [Server thread/INFO]: [AsyncWorldEdit] Modify class com.sk89q.worldedit.function.block.BlockReplace
[18:40:02] [Server thread/INFO]: [AsyncWorldEdit] Modify class com.sk89q.worldedit.function.operation.ForwardExtentCopy
[18:40:02] [Server thread/INFO]: [AsyncWorldEdit] Modify class com.sk89q.worldedit.function.operation.SetLocatedBlocks
[18:40:03] [Server thread/INFO]: [AsyncWorldEdit] Modify class com.sk89q.worldedit.function.biome.BiomeReplace
[18:40:03] [Server thread/INFO]: [AsyncWorldEdit] Modify class com.sk89q.worldedit.function.biome.ExtentBiomeCopy
[18:40:03] [Server thread/INFO]: [AsyncWorldEdit] Modify class com.sk89q.worldedit.function.factory.Deform$DeformOperation
[18:40:03] [Server thread/INFO]: [AsyncWorldEdit] Modify class com.sk89q.worldedit.function.factory.Paint
[18:40:03] [Server thread/INFO]: [AsyncWorldEdit] Modify class com.sk89q.worldedit.function.mask.BiomeMask2D
[18:40:03] [Server thread/INFO]: [AsyncWorldEdit] Modify class com.sk89q.worldedit.function.pattern.AbstractExtentPattern
[18:40:03] [Server thread/INFO]: [AsyncWorldEdit] Modify class com.sk89q.worldedit.regions.iterator.RegionIterator
[18:40:03] [Server thread/INFO]: [AsyncWorldEdit] Modify class com.sk89q.worldedit.regions.shape.ArbitraryShape
[18:40:03] [Server thread/INFO]: [AsyncWorldEdit] Modify class com.sk89q.worldedit.function.factory.Apply
[18:40:03] [Server thread/INFO]: [AsyncWorldEdit] Modify class com.sk89q.worldedit.function.visitor.RegionVisitor
[18:40:03] [Server thread/INFO]: [AsyncWorldEdit] Creating class org/primesoft/asyncworldedit/worldedit/entity/PlayerWrapper
[18:40:03] [Server thread/INFO]: [AsyncWorldEdit] Creating class org/primesoft/asyncworldedit/worldedit/entity/NoPermsPlayer
[18:40:03] [Server thread/INFO]: [AsyncWorldEdit] Creating class org/primesoft/asyncworldedit/worldedit/extension/platform/NoPermsActor
[18:40:03] [Server thread/INFO]: [AsyncWorldEdit] Creating class org/primesoft/asyncworldedit/injector/injected/entity/IPlayerFactory
[18:40:03] [Server thread/INFO]: [AsyncWorldEdit] Creating class org/primesoft/asyncworldedit/injector/injected/extension/platform/IActorFactory
[18:40:03] [Server thread/INFO]: [AsyncWorldEdit] Injector Enabled
[18:40:04] [Server thread/INFO]: [AsyncWorldEdit] New class factory set to: org.primesoft.asyncworldedit.asyncinjector.async.AsyncClassFactory
[18:40:04] [Server thread/INFO]: [CleanroomGenerator] Loading CleanroomGenerator v1.1.1
[18:40:04] [Server thread/INFO]: [WorldEdit] Loading WorldEdit v7.2.1+299386a
[18:40:06] [Server thread/INFO]: Got request to register class com.sk89q.worldedit.bukkit.BukkitServerInterface with WorldEdit [com.sk89q.worldedit.extension.platform.PlatformManager@d83f791]
[18:40:06] [Server thread/INFO]: [AsyncWorldEdit] Loading AsyncWorldEdit v3.8.0
[18:40:06] [Server thread/INFO]: [AsyncWorldEdit] Plugin installed
[18:40:06] [Server thread/INFO]: [Essentials] Loading Essentials v2.18.2.0
[18:40:06] [Server thread/INFO]: [TangledMaze] Loading TangledMaze v1.4.2
[18:40:06] [Server thread/INFO]: [Multiverse-Core] Loading Multiverse-Core v4.2.2-b812
[18:40:07] [Server thread/INFO]: [WorldGuard] Loading WorldGuard v7.0.4+f7ff984
[18:40:07] [Server thread/INFO]: [CTC] Loading CTC v5.0
[18:40:07] [Server thread/INFO]: [CleanroomGenerator] Enabling CleanroomGenerator v1.1.1
[18:40:07] [Server thread/INFO]: [CleanroomGenerator] CleanroomGenerator v1.1.1 enabled
[18:40:07] [Server thread/INFO]: [WorldEdit] Enabling WorldEdit v7.2.1+299386a
[18:40:07] [Server thread/INFO]: WEPIF: Using the Bukkit Permissions API.
[18:40:08] [Server thread/WARN]: 
**********************************************
** This WorldEdit version does not fully support your version of Bukkit.
**
** When working with blocks or undoing, chests will be empty, signs
** will be blank, and so on. There will be no support for entity
** and block property-related functions.
**
** Please see https://worldedit.enginehub.org/en/latest/faq/#bukkit-adapters
**********************************************

[18:40:08] [Server thread/WARN]: [WorldEdit] ====================================================
[18:40:08] [Server thread/WARN]: [WorldEdit]  WorldEdit works better if you use Paper 
[18:40:08] [Server thread/WARN]: [WorldEdit]  as your server software. 
[18:40:08] [Server thread/WARN]: [WorldEdit]   
[18:40:08] [Server thread/WARN]: [WorldEdit]  Paper offers significant performance improvements,
[18:40:08] [Server thread/WARN]: [WorldEdit]  bug fixes, security enhancements and optional
[18:40:08] [Server thread/WARN]: [WorldEdit]  features for server owners to enhance their server.
[18:40:08] [Server thread/WARN]: [WorldEdit]   
[18:40:08] [Server thread/WARN]: [WorldEdit]  Paper includes Timings v2, which is significantly
[18:40:08] [Server thread/WARN]: [WorldEdit]  better at diagnosing lag problems over v1.
[18:40:08] [Server thread/WARN]: [WorldEdit]   
[18:40:08] [Server thread/WARN]: [WorldEdit]  All of your plugins should still work, and the
[18:40:08] [Server thread/WARN]: [WorldEdit]  Paper community will gladly help you fix any issues.
[18:40:08] [Server thread/WARN]: [WorldEdit]   
[18:40:08] [Server thread/WARN]: [WorldEdit]  Join the Paper Community @ https://papermc.io
[18:40:08] [Server thread/WARN]: [WorldEdit] ====================================================
[18:40:08] [Server thread/INFO]: [AsyncWorldEdit] Enabling AsyncWorldEdit v3.8.0
[18:40:09] [Server thread/INFO]: [AsyncWorldEdit] Platform set to Bukkit API
[18:40:09] [Server thread/INFO]: [AsyncWorldEdit] ===================================================================================
[18:40:09] [Server thread/INFO]: [AsyncWorldEdit] =     ___                         _       __           __    ________    ___ __   =
[18:40:09] [Server thread/INFO]: [AsyncWorldEdit] =    /   |  _______  ______  ____| |     / /___  _____/ /___/ / ____/___/ (_) /_  =
[18:40:09] [Server thread/INFO]: [AsyncWorldEdit] =   / /| | / ___/ / / / __ \/ ___/ | /| / / __ \/ ___/ / __  / __/ / __  / / __/  =
[18:40:09] [Server thread/INFO]: [AsyncWorldEdit] =  / ___ |(__  ) /_/ / / / / /__ | |/ |/ / /_/ / /  / / /_/ / /___/ /_/ / / /_    =
[18:40:09] [Server thread/INFO]: [AsyncWorldEdit] = /_/  |_/____/\__, /_/ /_/\___/ |__/|__/\____/_/  /_/\__,_/_____/\__,_/_/\__/    =
[18:40:09] [Server thread/INFO]: [AsyncWorldEdit] =             /____/                                                              =
[18:40:09] [Server thread/INFO]: [AsyncWorldEdit] = Author: SBPrime                                                                 =
[18:40:09] [Server thread/INFO]: [AsyncWorldEdit] =                                ________________                                 =
[18:40:09] [Server thread/INFO]: [AsyncWorldEdit] =                            ___/  free version  \___                             =
[18:40:09] [Server thread/INFO]: [AsyncWorldEdit] ===================================================================================
[18:40:09] [Server thread/INFO]: [AsyncWorldEdit] Initializing WorldEdit.
[18:40:09] [AWE:Cron:undoCleanup/INFO]: [AsyncWorldEdit] Undo cleanup started...
[18:40:09] [AWE:Cron:undoCleanup/INFO]: [AsyncWorldEdit] ...undo cleanup done.
[18:40:09] [Server thread/INFO]: [AsyncWorldEdit] No matching adapter found for Bukkit.v1_16_R3, DirectChunkAPI disabled
[18:40:09] [Server thread/INFO]: [AsyncWorldEdit] PlotMeFix set to class org.primesoft.asyncworldedit.plotme.NullFix.
[18:40:09] [Server thread/INFO]: [AsyncWorldEdit] Enabled
[18:40:09] [Server thread/INFO]: Preparing level "spawn"
[18:40:09] [Server thread/INFO]: -------- World Settings For [spawn] --------
[18:40:09] [Server thread/INFO]: Entity Tracking Range: Pl 48 / An 48 / Mo 48 / Mi 32 / Other 64
[18:40:09] [Server thread/INFO]: Allow Zombie Pigmen to spawn from portal blocks: true
[18:40:09] [Server thread/INFO]: Item Merge Radius: 2.5
[18:40:09] [Server thread/INFO]: Item Despawn Rate: 6000
[18:40:09] [Server thread/INFO]: View Distance: 8
[18:40:09] [Server thread/INFO]: Zombie Aggressive Towards Villager: true
[18:40:09] [Server thread/INFO]: Arrow Despawn Rate: 1200 Trident Respawn Rate:1200
[18:40:09] [Server thread/INFO]: Mob Spawn Range: 6
[18:40:09] [Server thread/INFO]: Experience Merge Radius: 3.0
[18:40:09] [Server thread/INFO]: Cactus Growth Modifier: 100%
[18:40:09] [Server thread/INFO]: Cane Growth Modifier: 100%
[18:40:09] [Server thread/INFO]: Melon Growth Modifier: 100%
[18:40:09] [Server thread/INFO]: Mushroom Growth Modifier: 100%
[18:40:09] [Server thread/INFO]: Pumpkin Growth Modifier: 100%
[18:40:09] [Server thread/INFO]: Sapling Growth Modifier: 100%
[18:40:09] [Server thread/INFO]: Beetroot Growth Modifier: 100%
[18:40:09] [Server thread/INFO]: Carrot Growth Modifier: 100%
[18:40:09] [Server thread/INFO]: Potato Growth Modifier: 100%
[18:40:09] [Server thread/INFO]: Wheat Growth Modifier: 100%
[18:40:09] [Server thread/INFO]: NetherWart Growth Modifier: 100%
[18:40:09] [Server thread/INFO]: Vine Growth Modifier: 100%
[18:40:09] [Server thread/INFO]: Cocoa Growth Modifier: 100%
[18:40:09] [Server thread/INFO]: Bamboo Growth Modifier: 100%
[18:40:09] [Server thread/INFO]: SweetBerry Growth Modifier: 100%
[18:40:09] [Server thread/INFO]: Kelp Growth Modifier: 100%
[18:40:09] [Server thread/INFO]: Entity Activation Range: An 32 / Mo 32 / Ra 48 / Mi 16 / Tiv true
[18:40:09] [Server thread/INFO]: Max TNT Explosions: 100
[18:40:09] [Server thread/INFO]: Hopper Transfer: 8 Hopper Check: 1 Hopper Amount: 1
[18:40:09] [Server thread/INFO]: Tile Max Tick Time: 50ms Entity max Tick Time: 50ms
[18:40:09] [Server thread/INFO]: Nerfing mobs spawned from spawners: false
[18:40:09] [Server thread/INFO]: Custom Map Seeds:  Village: 10387312 Desert: 14357617 Igloo: 14357618 Jungle: 14357619 Swamp: 14357620 Monument: 10387313 Ocean: 14357621 Shipwreck: 165745295 End City: 10387313 Slime: 987234911 Bastion: 30084232 Fortress: 30084232 Mansion: 10387319 Fossil: 14357921 Portal: 34222645
[18:40:09] [Server thread/INFO]: Registering commands with com.sk89q.worldedit.bukkit.BukkitServerInterface
[18:40:09] [Server thread/INFO]: Preparing start region for dimension minecraft:overworld
[18:40:09] [Thread-10/INFO]: [AsyncWorldEdit] You have an old version of the plugin. Your version: 3.8.0, available version: 3.8.2
[18:40:10] [Server thread/INFO]: Preparing spawn area: 0%
[18:40:10] [Server thread/INFO]: Preparing spawn area: 0%
[18:40:10] [Server thread/INFO]: Preparing spawn area: 83%
[18:40:11] [Server thread/INFO]: Time elapsed: 1362 ms
[18:40:11] [Server thread/INFO]: [Essentials] Enabling Essentials v2.18.2.0
[18:40:11] [Server thread/ERROR]: [Essentials] You are running an unsupported server version!
[18:40:11] [Server thread/INFO]: Attempting to convert old kits in config.yml to new kits.yml
[18:40:11] [Server thread/INFO]: No kits found to migrate.
[18:40:11] [Server thread/INFO]: Loaded 25599 items from items.json.
[18:40:11] [Server thread/INFO]: Using locale en_US
[18:40:11] [Server thread/INFO]: [Essentials] ServerListPingEvent: Spigot iterator API
[18:40:11] [Server thread/INFO]: [Essentials] Starting Metrics. Opt-out using the global bStats config.
[18:40:11] [Server thread/INFO]: [Essentials] Using superperms-based permissions.
[18:40:11] [Server thread/INFO]: [TangledMaze] Enabling TangledMaze v1.4.2
[18:40:11] [Server thread/INFO]: [Multiverse-Core] Enabling Multiverse-Core v4.2.2-b812
[18:40:11] [Server thread/WARN]: [Multiverse-Core] "Multiverse-Core v4.2.2-b812" has registered a listener for org.bukkit.event.entity.EntityCreatePortalEvent on method "public void com.onarandombox.MultiverseCore.listeners.MVPortalListener.entityPortalCreate(org.bukkit.event.entity.EntityCreatePortalEvent)", but the event is Deprecated. "Server performance will be affected"; please notify the authors [dumptruckman, Rigby, fernferret, lithium3141, main--].
[18:40:11] [Server thread/INFO]: [Multiverse-Core] §aWe are aware of the warning about the deprecated event. There is no alternative that allows us to do what we need to do and performance impact is negligible. It is safe to ignore.
[18:40:11] [Server thread/INFO]: -------- World Settings For [graveyard] --------
[18:40:11] [Server thread/INFO]: Entity Tracking Range: Pl 48 / An 48 / Mo 48 / Mi 32 / Other 64
[18:40:11] [Server thread/INFO]: Allow Zombie Pigmen to spawn from portal blocks: true
[18:40:11] [Server thread/INFO]: Item Merge Radius: 2.5
[18:40:11] [Server thread/INFO]: Item Despawn Rate: 6000
[18:40:11] [Server thread/INFO]: View Distance: 8
[18:40:11] [Server thread/INFO]: Zombie Aggressive Towards Villager: true
[18:40:11] [Server thread/INFO]: Arrow Despawn Rate: 1200 Trident Respawn Rate:1200
[18:40:11] [Server thread/INFO]: Mob Spawn Range: 6
[18:40:11] [Server thread/INFO]: Experience Merge Radius: 3.0
[18:40:11] [Server thread/INFO]: Cactus Growth Modifier: 100%
[18:40:11] [Server thread/INFO]: Cane Growth Modifier: 100%
[18:40:11] [Server thread/INFO]: Melon Growth Modifier: 100%
[18:40:11] [Server thread/INFO]: Mushroom Growth Modifier: 100%
[18:40:11] [Server thread/INFO]: Pumpkin Growth Modifier: 100%
[18:40:11] [Server thread/INFO]: Sapling Growth Modifier: 100%
[18:40:11] [Server thread/INFO]: Beetroot Growth Modifier: 100%
[18:40:11] [Server thread/INFO]: Carrot Growth Modifier: 100%
[18:40:11] [Server thread/INFO]: Potato Growth Modifier: 100%
[18:40:11] [Server thread/INFO]: Wheat Growth Modifier: 100%
[18:40:11] [Server thread/INFO]: NetherWart Growth Modifier: 100%
[18:40:11] [Server thread/INFO]: Vine Growth Modifier: 100%
[18:40:11] [Server thread/INFO]: Cocoa Growth Modifier: 100%
[18:40:11] [Server thread/INFO]: Bamboo Growth Modifier: 100%
[18:40:11] [Server thread/INFO]: SweetBerry Growth Modifier: 100%
[18:40:11] [Server thread/INFO]: Kelp Growth Modifier: 100%
[18:40:11] [Server thread/INFO]: Entity Activation Range: An 32 / Mo 32 / Ra 48 / Mi 16 / Tiv true
[18:40:11] [Server thread/INFO]: Max TNT Explosions: 100
[18:40:11] [Server thread/INFO]: Hopper Transfer: 8 Hopper Check: 1 Hopper Amount: 1
[18:40:11] [Server thread/INFO]: Tile Max Tick Time: 50ms Entity max Tick Time: 50ms
[18:40:11] [Server thread/INFO]: Nerfing mobs spawned from spawners: false
[18:40:11] [Server thread/INFO]: Custom Map Seeds:  Village: 10387312 Desert: 14357617 Igloo: 14357618 Jungle: 14357619 Swamp: 14357620 Monument: 10387313 Ocean: 14357621 Shipwreck: 165745295 End City: 10387313 Slime: 987234911 Bastion: 30084232 Fortress: 30084232 Mansion: 10387319 Fossil: 14357921 Portal: 34222645
[18:40:11] [Server thread/INFO]: Preparing start region for dimension minecraft:graveyard
[18:40:12] [Server thread/INFO]: Preparing spawn area: 0%
[18:40:12] [Server thread/INFO]: Preparing spawn area: 0%
[18:40:12] [Server thread/INFO]: Time elapsed: 865 ms
[18:40:12] [Server thread/INFO]: -------- World Settings For [Brittle_Hollow] --------
[18:40:12] [Server thread/INFO]: Entity Tracking Range: Pl 48 / An 48 / Mo 48 / Mi 32 / Other 64
[18:40:12] [Server thread/INFO]: Allow Zombie Pigmen to spawn from portal blocks: true
[18:40:12] [Server thread/INFO]: Item Merge Radius: 2.5
[18:40:12] [Server thread/INFO]: Item Despawn Rate: 6000
[18:40:12] [Server thread/INFO]: View Distance: 8
[18:40:12] [Server thread/INFO]: Zombie Aggressive Towards Villager: true
[18:40:12] [Server thread/INFO]: Arrow Despawn Rate: 1200 Trident Respawn Rate:1200
[18:40:12] [Server thread/INFO]: Mob Spawn Range: 6
[18:40:12] [Server thread/INFO]: Experience Merge Radius: 3.0
[18:40:12] [Server thread/INFO]: Cactus Growth Modifier: 100%
[18:40:12] [Server thread/INFO]: Cane Growth Modifier: 100%
[18:40:12] [Server thread/INFO]: Melon Growth Modifier: 100%
[18:40:12] [Server thread/INFO]: Mushroom Growth Modifier: 100%
[18:40:12] [Server thread/INFO]: Pumpkin Growth Modifier: 100%
[18:40:12] [Server thread/INFO]: Sapling Growth Modifier: 100%
[18:40:12] [Server thread/INFO]: Beetroot Growth Modifier: 100%
[18:40:12] [Server thread/INFO]: Carrot Growth Modifier: 100%
[18:40:12] [Server thread/INFO]: Potato Growth Modifier: 100%
[18:40:12] [Server thread/INFO]: Wheat Growth Modifier: 100%
[18:40:12] [Server thread/INFO]: NetherWart Growth Modifier: 100%
[18:40:12] [Server thread/INFO]: Vine Growth Modifier: 100%
[18:40:12] [Server thread/INFO]: Cocoa Growth Modifier: 100%
[18:40:12] [Server thread/INFO]: Bamboo Growth Modifier: 100%
[18:40:12] [Server thread/INFO]: SweetBerry Growth Modifier: 100%
[18:40:12] [Server thread/INFO]: Kelp Growth Modifier: 100%
[18:40:12] [Server thread/INFO]: Entity Activation Range: An 32 / Mo 32 / Ra 48 / Mi 16 / Tiv true
[18:40:12] [Server thread/INFO]: Max TNT Explosions: 100
[18:40:12] [Server thread/INFO]: Hopper Transfer: 8 Hopper Check: 1 Hopper Amount: 1
[18:40:12] [Server thread/INFO]: Tile Max Tick Time: 50ms Entity max Tick Time: 50ms
[18:40:12] [Server thread/INFO]: Nerfing mobs spawned from spawners: false
[18:40:12] [Server thread/INFO]: Custom Map Seeds:  Village: 10387312 Desert: 14357617 Igloo: 14357618 Jungle: 14357619 Swamp: 14357620 Monument: 10387313 Ocean: 14357621 Shipwreck: 165745295 End City: 10387313 Slime: 987234911 Bastion: 30084232 Fortress: 30084232 Mansion: 10387319 Fossil: 14357921 Portal: 34222645
[18:40:12] [Server thread/INFO]: Preparing start region for dimension minecraft:brittle_hollow
[18:40:13] [Server thread/INFO]: Preparing spawn area: 0%
[18:40:13] [Server thread/INFO]: Time elapsed: 569 ms
[18:40:13] [Server thread/INFO]: -------- World Settings For [default] --------
[18:40:13] [Server thread/INFO]: Entity Tracking Range: Pl 48 / An 48 / Mo 48 / Mi 32 / Other 64
[18:40:13] [Server thread/INFO]: Allow Zombie Pigmen to spawn from portal blocks: true
[18:40:13] [Server thread/INFO]: Item Merge Radius: 2.5
[18:40:13] [Server thread/INFO]: Item Despawn Rate: 6000
[18:40:13] [Server thread/INFO]: View Distance: 8
[18:40:13] [Server thread/INFO]: Zombie Aggressive Towards Villager: true
[18:40:13] [Server thread/INFO]: Arrow Despawn Rate: 1200 Trident Respawn Rate:1200
[18:40:13] [Server thread/INFO]: Mob Spawn Range: 6
[18:40:13] [Server thread/INFO]: Experience Merge Radius: 3.0
[18:40:13] [Server thread/INFO]: Cactus Growth Modifier: 100%
[18:40:13] [Server thread/INFO]: Cane Growth Modifier: 100%
[18:40:13] [Server thread/INFO]: Melon Growth Modifier: 100%
[18:40:13] [Server thread/INFO]: Mushroom Growth Modifier: 100%
[18:40:13] [Server thread/INFO]: Pumpkin Growth Modifier: 100%
[18:40:13] [Server thread/INFO]: Sapling Growth Modifier: 100%
[18:40:13] [Server thread/INFO]: Beetroot Growth Modifier: 100%
[18:40:13] [Server thread/INFO]: Carrot Growth Modifier: 100%
[18:40:13] [Server thread/INFO]: Potato Growth Modifier: 100%
[18:40:13] [Server thread/INFO]: Wheat Growth Modifier: 100%
[18:40:13] [Server thread/INFO]: NetherWart Growth Modifier: 100%
[18:40:13] [Server thread/INFO]: Vine Growth Modifier: 100%
[18:40:13] [Server thread/INFO]: Cocoa Growth Modifier: 100%
[18:40:13] [Server thread/INFO]: Bamboo Growth Modifier: 100%
[18:40:13] [Server thread/INFO]: SweetBerry Growth Modifier: 100%
[18:40:13] [Server thread/INFO]: Kelp Growth Modifier: 100%
[18:40:13] [Server thread/INFO]: Entity Activation Range: An 32 / Mo 32 / Ra 48 / Mi 16 / Tiv true
[18:40:13] [Server thread/INFO]: Max TNT Explosions: 100
[18:40:13] [Server thread/INFO]: Hopper Transfer: 8 Hopper Check: 1 Hopper Amount: 1
[18:40:13] [Server thread/INFO]: Tile Max Tick Time: 50ms Entity max Tick Time: 50ms
[18:40:13] [Server thread/INFO]: Nerfing mobs spawned from spawners: false
[18:40:13] [Server thread/INFO]: Custom Map Seeds:  Village: 10387312 Desert: 14357617 Igloo: 14357618 Jungle: 14357619 Swamp: 14357620 Monument: 10387313 Ocean: 14357621 Shipwreck: 165745295 End City: 10387313 Slime: 987234911 Bastion: 30084232 Fortress: 30084232 Mansion: 10387319 Fossil: 14357921 Portal: 34222645
[18:40:13] [Server thread/INFO]: Preparing start region for dimension minecraft:default
[18:40:13] [Server thread/INFO]: Preparing spawn area: 0%
[18:40:13] [Server thread/INFO]: Preparing spawn area: 0%
[18:40:14] [Server thread/INFO]: Time elapsed: 867 ms
[18:40:14] [Server thread/INFO]: -------- World Settings For [world_the_end] --------
[18:40:14] [Server thread/INFO]: Entity Tracking Range: Pl 48 / An 48 / Mo 48 / Mi 32 / Other 64
[18:40:14] [Server thread/INFO]: Allow Zombie Pigmen to spawn from portal blocks: true
[18:40:14] [Server thread/INFO]: Item Merge Radius: 2.5
[18:40:14] [Server thread/INFO]: Item Despawn Rate: 6000
[18:40:14] [Server thread/INFO]: View Distance: 8
[18:40:14] [Server thread/INFO]: Zombie Aggressive Towards Villager: true
[18:40:14] [Server thread/INFO]: Arrow Despawn Rate: 1200 Trident Respawn Rate:1200
[18:40:14] [Server thread/INFO]: Mob Spawn Range: 6
[18:40:14] [Server thread/INFO]: Experience Merge Radius: 3.0
[18:40:14] [Server thread/INFO]: Cactus Growth Modifier: 100%
[18:40:14] [Server thread/INFO]: Cane Growth Modifier: 100%
[18:40:14] [Server thread/INFO]: Melon Growth Modifier: 100%
[18:40:14] [Server thread/INFO]: Mushroom Growth Modifier: 100%
[18:40:14] [Server thread/INFO]: Pumpkin Growth Modifier: 100%
[18:40:14] [Server thread/INFO]: Sapling Growth Modifier: 100%
[18:40:14] [Server thread/INFO]: Beetroot Growth Modifier: 100%
[18:40:14] [Server thread/INFO]: Carrot Growth Modifier: 100%
[18:40:14] [Server thread/INFO]: Potato Growth Modifier: 100%
[18:40:14] [Server thread/INFO]: Wheat Growth Modifier: 100%
[18:40:14] [Server thread/INFO]: NetherWart Growth Modifier: 100%
[18:40:14] [Server thread/INFO]: Vine Growth Modifier: 100%
[18:40:14] [Server thread/INFO]: Cocoa Growth Modifier: 100%
[18:40:14] [Server thread/INFO]: Bamboo Growth Modifier: 100%
[18:40:14] [Server thread/INFO]: SweetBerry Growth Modifier: 100%
[18:40:14] [Server thread/INFO]: Kelp Growth Modifier: 100%
[18:40:14] [Server thread/INFO]: Entity Activation Range: An 32 / Mo 32 / Ra 48 / Mi 16 / Tiv true
[18:40:14] [Server thread/INFO]: Max TNT Explosions: 100
[18:40:14] [Server thread/INFO]: Hopper Transfer: 8 Hopper Check: 1 Hopper Amount: 1
[18:40:14] [Server thread/INFO]: Tile Max Tick Time: 50ms Entity max Tick Time: 50ms
[18:40:14] [Server thread/INFO]: Nerfing mobs spawned from spawners: false
[18:40:14] [Server thread/INFO]: Custom Map Seeds:  Village: 10387312 Desert: 14357617 Igloo: 14357618 Jungle: 14357619 Swamp: 14357620 Monument: 10387313 Ocean: 14357621 Shipwreck: 165745295 End City: 10387313 Slime: 987234911 Bastion: 30084232 Fortress: 30084232 Mansion: 10387319 Fossil: 14357921 Portal: 34222645
[18:40:14] [Server thread/INFO]: Preparing start region for dimension minecraft:world_the_end
[18:40:14] [Server thread/INFO]: Preparing spawn area: 0%
[18:40:14] [Server thread/INFO]: Preparing spawn area: 0%
[18:40:14] [Server thread/INFO]: Time elapsed: 675 ms
[18:40:14] [Server thread/INFO]: -------- World Settings For [world_nether] --------
[18:40:14] [Server thread/INFO]: Entity Tracking Range: Pl 48 / An 48 / Mo 48 / Mi 32 / Other 64
[18:40:14] [Server thread/INFO]: Allow Zombie Pigmen to spawn from portal blocks: true
[18:40:14] [Server thread/INFO]: Item Merge Radius: 2.5
[18:40:14] [Server thread/INFO]: Item Despawn Rate: 6000
[18:40:14] [Server thread/INFO]: View Distance: 8
[18:40:14] [Server thread/INFO]: Zombie Aggressive Towards Villager: true
[18:40:14] [Server thread/INFO]: Arrow Despawn Rate: 1200 Trident Respawn Rate:1200
[18:40:14] [Server thread/INFO]: Mob Spawn Range: 6
[18:40:14] [Server thread/INFO]: Experience Merge Radius: 3.0
[18:40:14] [Server thread/INFO]: Cactus Growth Modifier: 100%
[18:40:14] [Server thread/INFO]: Cane Growth Modifier: 100%
[18:40:14] [Server thread/INFO]: Melon Growth Modifier: 100%
[18:40:14] [Server thread/INFO]: Mushroom Growth Modifier: 100%
[18:40:14] [Server thread/INFO]: Pumpkin Growth Modifier: 100%
[18:40:14] [Server thread/INFO]: Sapling Growth Modifier: 100%
[18:40:14] [Server thread/INFO]: Beetroot Growth Modifier: 100%
[18:40:14] [Server thread/INFO]: Carrot Growth Modifier: 100%
[18:40:14] [Server thread/INFO]: Potato Growth Modifier: 100%
[18:40:14] [Server thread/INFO]: Wheat Growth Modifier: 100%
[18:40:14] [Server thread/INFO]: NetherWart Growth Modifier: 100%
[18:40:14] [Server thread/INFO]: Vine Growth Modifier: 100%
[18:40:14] [Server thread/INFO]: Cocoa Growth Modifier: 100%
[18:40:14] [Server thread/INFO]: Bamboo Growth Modifier: 100%
[18:40:14] [Server thread/INFO]: SweetBerry Growth Modifier: 100%
[18:40:14] [Server thread/INFO]: Kelp Growth Modifier: 100%
[18:40:14] [Server thread/INFO]: Entity Activation Range: An 32 / Mo 32 / Ra 48 / Mi 16 / Tiv true
[18:40:14] [Server thread/INFO]: Max TNT Explosions: 100
[18:40:14] [Server thread/INFO]: Hopper Transfer: 8 Hopper Check: 1 Hopper Amount: 1
[18:40:14] [Server thread/INFO]: Tile Max Tick Time: 50ms Entity max Tick Time: 50ms
[18:40:14] [Server thread/INFO]: Nerfing mobs spawned from spawners: false
[18:40:14] [Server thread/INFO]: Custom Map Seeds:  Village: 10387312 Desert: 14357617 Igloo: 14357618 Jungle: 14357619 Swamp: 14357620 Monument: 10387313 Ocean: 14357621 Shipwreck: 165745295 End City: 10387313 Slime: 987234911 Bastion: 30084232 Fortress: 30084232 Mansion: 10387319 Fossil: 14357921 Portal: 34222645
[18:40:14] [Server thread/INFO]: Preparing start region for dimension minecraft:world_nether
[18:40:15] [Server thread/INFO]: Preparing spawn area: 0%
[18:40:15] [Server thread/INFO]: Preparing spawn area: 0%
[18:40:15] [Worker-Main-15/INFO]: Preparing spawn area: 99%
[18:40:16] [Server thread/INFO]: Time elapsed: 1442 ms
[18:40:16] [Server thread/INFO]: -------- World Settings For [graveyard_backup] --------
[18:40:16] [Server thread/INFO]: Entity Tracking Range: Pl 48 / An 48 / Mo 48 / Mi 32 / Other 64
[18:40:16] [Server thread/INFO]: Allow Zombie Pigmen to spawn from portal blocks: true
[18:40:16] [Server thread/INFO]: Item Merge Radius: 2.5
[18:40:16] [Server thread/INFO]: Item Despawn Rate: 6000
[18:40:16] [Server thread/INFO]: View Distance: 8
[18:40:16] [Server thread/INFO]: Zombie Aggressive Towards Villager: true
[18:40:16] [Server thread/INFO]: Arrow Despawn Rate: 1200 Trident Respawn Rate:1200
[18:40:16] [Server thread/INFO]: Mob Spawn Range: 6
[18:40:16] [Server thread/INFO]: Experience Merge Radius: 3.0
[18:40:16] [Server thread/INFO]: Cactus Growth Modifier: 100%
[18:40:16] [Server thread/INFO]: Cane Growth Modifier: 100%
[18:40:16] [Server thread/INFO]: Melon Growth Modifier: 100%
[18:40:16] [Server thread/INFO]: Mushroom Growth Modifier: 100%
[18:40:16] [Server thread/INFO]: Pumpkin Growth Modifier: 100%
[18:40:16] [Server thread/INFO]: Sapling Growth Modifier: 100%
[18:40:16] [Server thread/INFO]: Beetroot Growth Modifier: 100%
[18:40:16] [Server thread/INFO]: Carrot Growth Modifier: 100%
[18:40:16] [Server thread/INFO]: Potato Growth Modifier: 100%
[18:40:16] [Server thread/INFO]: Wheat Growth Modifier: 100%
[18:40:16] [Server thread/INFO]: NetherWart Growth Modifier: 100%
[18:40:16] [Server thread/INFO]: Vine Growth Modifier: 100%
[18:40:16] [Server thread/INFO]: Cocoa Growth Modifier: 100%
[18:40:16] [Server thread/INFO]: Bamboo Growth Modifier: 100%
[18:40:16] [Server thread/INFO]: SweetBerry Growth Modifier: 100%
[18:40:16] [Server thread/INFO]: Kelp Growth Modifier: 100%
[18:40:16] [Server thread/INFO]: Entity Activation Range: An 32 / Mo 32 / Ra 48 / Mi 16 / Tiv true
[18:40:16] [Server thread/INFO]: Max TNT Explosions: 100
[18:40:16] [Server thread/INFO]: Hopper Transfer: 8 Hopper Check: 1 Hopper Amount: 1
[18:40:16] [Server thread/INFO]: Tile Max Tick Time: 50ms Entity max Tick Time: 50ms
[18:40:16] [Server thread/INFO]: Nerfing mobs spawned from spawners: false
[18:40:16] [Server thread/INFO]: Custom Map Seeds:  Village: 10387312 Desert: 14357617 Igloo: 14357618 Jungle: 14357619 Swamp: 14357620 Monument: 10387313 Ocean: 14357621 Shipwreck: 165745295 End City: 10387313 Slime: 987234911 Bastion: 30084232 Fortress: 30084232 Mansion: 10387319 Fossil: 14357921 Portal: 34222645
[18:40:16] [Server thread/INFO]: Preparing start region for dimension minecraft:graveyard_backup
[18:40:16] [Server thread/INFO]: Preparing spawn area: 0%
[18:40:16] [Server thread/INFO]: Time elapsed: 323 ms
[18:40:16] [Server thread/INFO]: -------- World Settings For [Brazil] --------
[18:40:16] [Server thread/INFO]: Entity Tracking Range: Pl 48 / An 48 / Mo 48 / Mi 32 / Other 64
[18:40:16] [Server thread/INFO]: Allow Zombie Pigmen to spawn from portal blocks: true
[18:40:16] [Server thread/INFO]: Item Merge Radius: 2.5
[18:40:16] [Server thread/INFO]: Item Despawn Rate: 6000
[18:40:16] [Server thread/INFO]: View Distance: 8
[18:40:16] [Server thread/INFO]: Zombie Aggressive Towards Villager: true
[18:40:16] [Server thread/INFO]: Arrow Despawn Rate: 1200 Trident Respawn Rate:1200
[18:40:16] [Server thread/INFO]: Mob Spawn Range: 6
[18:40:16] [Server thread/INFO]: Experience Merge Radius: 3.0
[18:40:16] [Server thread/INFO]: Cactus Growth Modifier: 100%
[18:40:16] [Server thread/INFO]: Cane Growth Modifier: 100%
[18:40:16] [Server thread/INFO]: Melon Growth Modifier: 100%
[18:40:16] [Server thread/INFO]: Mushroom Growth Modifier: 100%
[18:40:16] [Server thread/INFO]: Pumpkin Growth Modifier: 100%
[18:40:16] [Server thread/INFO]: Sapling Growth Modifier: 100%
[18:40:16] [Server thread/INFO]: Beetroot Growth Modifier: 100%
[18:40:16] [Server thread/INFO]: Carrot Growth Modifier: 100%
[18:40:16] [Server thread/INFO]: Potato Growth Modifier: 100%
[18:40:16] [Server thread/INFO]: Wheat Growth Modifier: 100%
[18:40:16] [Server thread/INFO]: NetherWart Growth Modifier: 100%
[18:40:16] [Server thread/INFO]: Vine Growth Modifier: 100%
[18:40:16] [Server thread/INFO]: Cocoa Growth Modifier: 100%
[18:40:16] [Server thread/INFO]: Bamboo Growth Modifier: 100%
[18:40:16] [Server thread/INFO]: SweetBerry Growth Modifier: 100%
[18:40:16] [Server thread/INFO]: Kelp Growth Modifier: 100%
[18:40:16] [Server thread/INFO]: Entity Activation Range: An 32 / Mo 32 / Ra 48 / Mi 16 / Tiv true
[18:40:16] [Server thread/INFO]: Max TNT Explosions: 100
[18:40:16] [Server thread/INFO]: Hopper Transfer: 8 Hopper Check: 1 Hopper Amount: 1
[18:40:16] [Server thread/INFO]: Tile Max Tick Time: 50ms Entity max Tick Time: 50ms
[18:40:16] [Server thread/INFO]: Nerfing mobs spawned from spawners: false
[18:40:16] [Server thread/INFO]: Custom Map Seeds:  Village: 10387312 Desert: 14357617 Igloo: 14357618 Jungle: 14357619 Swamp: 14357620 Monument: 10387313 Ocean: 14357621 Shipwreck: 165745295 End City: 10387313 Slime: 987234911 Bastion: 30084232 Fortress: 30084232 Mansion: 10387319 Fossil: 14357921 Portal: 34222645
[18:40:16] [Server thread/INFO]: Preparing start region for dimension minecraft:brazil
[18:40:16] [Server thread/INFO]: Preparing spawn area: 0%
[18:40:17] [Server thread/INFO]: Time elapsed: 482 ms
[18:40:17] [Server thread/INFO]: -------- World Settings For [sandstone_backup] --------
[18:40:17] [Server thread/INFO]: Entity Tracking Range: Pl 48 / An 48 / Mo 48 / Mi 32 / Other 64
[18:40:17] [Server thread/INFO]: Allow Zombie Pigmen to spawn from portal blocks: true
[18:40:17] [Server thread/INFO]: Item Merge Radius: 2.5
[18:40:17] [Server thread/INFO]: Item Despawn Rate: 6000
[18:40:17] [Server thread/INFO]: View Distance: 8
[18:40:17] [Server thread/INFO]: Zombie Aggressive Towards Villager: true
[18:40:17] [Server thread/INFO]: Arrow Despawn Rate: 1200 Trident Respawn Rate:1200
[18:40:17] [Server thread/INFO]: Mob Spawn Range: 6
[18:40:17] [Server thread/INFO]: Experience Merge Radius: 3.0
[18:40:17] [Server thread/INFO]: Cactus Growth Modifier: 100%
[18:40:17] [Server thread/INFO]: Cane Growth Modifier: 100%
[18:40:17] [Server thread/INFO]: Melon Growth Modifier: 100%
[18:40:17] [Server thread/INFO]: Mushroom Growth Modifier: 100%
[18:40:17] [Server thread/INFO]: Pumpkin Growth Modifier: 100%
[18:40:17] [Server thread/INFO]: Sapling Growth Modifier: 100%
[18:40:17] [Server thread/INFO]: Beetroot Growth Modifier: 100%
[18:40:17] [Server thread/INFO]: Carrot Growth Modifier: 100%
[18:40:17] [Server thread/INFO]: Potato Growth Modifier: 100%
[18:40:17] [Server thread/INFO]: Wheat Growth Modifier: 100%
[18:40:17] [Server thread/INFO]: NetherWart Growth Modifier: 100%
[18:40:17] [Server thread/INFO]: Vine Growth Modifier: 100%
[18:40:17] [Server thread/INFO]: Cocoa Growth Modifier: 100%
[18:40:17] [Server thread/INFO]: Bamboo Growth Modifier: 100%
[18:40:17] [Server thread/INFO]: SweetBerry Growth Modifier: 100%
[18:40:17] [Server thread/INFO]: Kelp Growth Modifier: 100%
[18:40:17] [Server thread/INFO]: Entity Activation Range: An 32 / Mo 32 / Ra 48 / Mi 16 / Tiv true
[18:40:17] [Server thread/INFO]: Max TNT Explosions: 100
[18:40:17] [Server thread/INFO]: Hopper Transfer: 8 Hopper Check: 1 Hopper Amount: 1
[18:40:17] [Server thread/INFO]: Tile Max Tick Time: 50ms Entity max Tick Time: 50ms
[18:40:17] [Server thread/INFO]: Nerfing mobs spawned from spawners: false
[18:40:17] [Server thread/INFO]: Custom Map Seeds:  Village: 10387312 Desert: 14357617 Igloo: 14357618 Jungle: 14357619 Swamp: 14357620 Monument: 10387313 Ocean: 14357621 Shipwreck: 165745295 End City: 10387313 Slime: 987234911 Bastion: 30084232 Fortress: 30084232 Mansion: 10387319 Fossil: 14357921 Portal: 34222645
[18:40:17] [Server thread/INFO]: Preparing start region for dimension minecraft:sandstone_backup
[18:40:17] [Server thread/INFO]: Preparing spawn area: 0%
[18:40:17] [Server thread/INFO]: Time elapsed: 238 ms
[18:40:17] [Server thread/INFO]: -------- World Settings For [maze] --------
[18:40:17] [Server thread/INFO]: Entity Tracking Range: Pl 48 / An 48 / Mo 48 / Mi 32 / Other 64
[18:40:17] [Server thread/INFO]: Allow Zombie Pigmen to spawn from portal blocks: true
[18:40:17] [Server thread/INFO]: Item Merge Radius: 2.5
[18:40:17] [Server thread/INFO]: Item Despawn Rate: 6000
[18:40:17] [Server thread/INFO]: View Distance: 8
[18:40:17] [Server thread/INFO]: Zombie Aggressive Towards Villager: true
[18:40:17] [Server thread/INFO]: Arrow Despawn Rate: 1200 Trident Respawn Rate:1200
[18:40:17] [Server thread/INFO]: Mob Spawn Range: 6
[18:40:17] [Server thread/INFO]: Experience Merge Radius: 3.0
[18:40:17] [Server thread/INFO]: Cactus Growth Modifier: 100%
[18:40:17] [Server thread/INFO]: Cane Growth Modifier: 100%
[18:40:17] [Server thread/INFO]: Melon Growth Modifier: 100%
[18:40:17] [Server thread/INFO]: Mushroom Growth Modifier: 100%
[18:40:17] [Server thread/INFO]: Pumpkin Growth Modifier: 100%
[18:40:17] [Server thread/INFO]: Sapling Growth Modifier: 100%
[18:40:17] [Server thread/INFO]: Beetroot Growth Modifier: 100%
[18:40:17] [Server thread/INFO]: Carrot Growth Modifier: 100%
[18:40:17] [Server thread/INFO]: Potato Growth Modifier: 100%
[18:40:17] [Server thread/INFO]: Wheat Growth Modifier: 100%
[18:40:17] [Server thread/INFO]: NetherWart Growth Modifier: 100%
[18:40:17] [Server thread/INFO]: Vine Growth Modifier: 100%
[18:40:17] [Server thread/INFO]: Cocoa Growth Modifier: 100%
[18:40:17] [Server thread/INFO]: Bamboo Growth Modifier: 100%
[18:40:17] [Server thread/INFO]: SweetBerry Growth Modifier: 100%
[18:40:17] [Server thread/INFO]: Kelp Growth Modifier: 100%
[18:40:17] [Server thread/INFO]: Entity Activation Range: An 32 / Mo 32 / Ra 48 / Mi 16 / Tiv true
[18:40:17] [Server thread/INFO]: Max TNT Explosions: 100
[18:40:17] [Server thread/INFO]: Hopper Transfer: 8 Hopper Check: 1 Hopper Amount: 1
[18:40:17] [Server thread/INFO]: Tile Max Tick Time: 50ms Entity max Tick Time: 50ms
[18:40:17] [Server thread/INFO]: Nerfing mobs spawned from spawners: false
[18:40:17] [Server thread/INFO]: Custom Map Seeds:  Village: 10387312 Desert: 14357617 Igloo: 14357618 Jungle: 14357619 Swamp: 14357620 Monument: 10387313 Ocean: 14357621 Shipwreck: 165745295 End City: 10387313 Slime: 987234911 Bastion: 30084232 Fortress: 30084232 Mansion: 10387319 Fossil: 14357921 Portal: 34222645
[18:40:17] [Server thread/INFO]: Preparing start region for dimension minecraft:maze
[18:40:17] [Server thread/INFO]: Preparing spawn area: 0%
[18:40:17] [Server thread/INFO]: Time elapsed: 394 ms
[18:40:17] [Server thread/INFO]: -------- World Settings For [sandstone] --------
[18:40:17] [Server thread/INFO]: Entity Tracking Range: Pl 48 / An 48 / Mo 48 / Mi 32 / Other 64
[18:40:17] [Server thread/INFO]: Allow Zombie Pigmen to spawn from portal blocks: true
[18:40:17] [Server thread/INFO]: Item Merge Radius: 2.5
[18:40:17] [Server thread/INFO]: Item Despawn Rate: 6000
[18:40:17] [Server thread/INFO]: View Distance: 8
[18:40:17] [Server thread/INFO]: Zombie Aggressive Towards Villager: true
[18:40:17] [Server thread/INFO]: Arrow Despawn Rate: 1200 Trident Respawn Rate:1200
[18:40:17] [Server thread/INFO]: Mob Spawn Range: 6
[18:40:17] [Server thread/INFO]: Experience Merge Radius: 3.0
[18:40:17] [Server thread/INFO]: Cactus Growth Modifier: 100%
[18:40:17] [Server thread/INFO]: Cane Growth Modifier: 100%
[18:40:17] [Server thread/INFO]: Melon Growth Modifier: 100%
[18:40:17] [Server thread/INFO]: Mushroom Growth Modifier: 100%
[18:40:17] [Server thread/INFO]: Pumpkin Growth Modifier: 100%
[18:40:17] [Server thread/INFO]: Sapling Growth Modifier: 100%
[18:40:17] [Server thread/INFO]: Beetroot Growth Modifier: 100%
[18:40:17] [Server thread/INFO]: Carrot Growth Modifier: 100%
[18:40:17] [Server thread/INFO]: Potato Growth Modifier: 100%
[18:40:17] [Server thread/INFO]: Wheat Growth Modifier: 100%
[18:40:17] [Server thread/INFO]: NetherWart Growth Modifier: 100%
[18:40:17] [Server thread/INFO]: Vine Growth Modifier: 100%
[18:40:17] [Server thread/INFO]: Cocoa Growth Modifier: 100%
[18:40:17] [Server thread/INFO]: Bamboo Growth Modifier: 100%
[18:40:17] [Server thread/INFO]: SweetBerry Growth Modifier: 100%
[18:40:17] [Server thread/INFO]: Kelp Growth Modifier: 100%
[18:40:17] [Server thread/INFO]: Entity Activation Range: An 32 / Mo 32 / Ra 48 / Mi 16 / Tiv true
[18:40:17] [Server thread/INFO]: Max TNT Explosions: 100
[18:40:17] [Server thread/INFO]: Hopper Transfer: 8 Hopper Check: 1 Hopper Amount: 1
[18:40:17] [Server thread/INFO]: Tile Max Tick Time: 50ms Entity max Tick Time: 50ms
[18:40:17] [Server thread/INFO]: Nerfing mobs spawned from spawners: false
[18:40:17] [Server thread/INFO]: Custom Map Seeds:  Village: 10387312 Desert: 14357617 Igloo: 14357618 Jungle: 14357619 Swamp: 14357620 Monument: 10387313 Ocean: 14357621 Shipwreck: 165745295 End City: 10387313 Slime: 987234911 Bastion: 30084232 Fortress: 30084232 Mansion: 10387319 Fossil: 14357921 Portal: 34222645
[18:40:17] [Server thread/INFO]: Preparing start region for dimension minecraft:sandstone
[18:40:18] [Server thread/INFO]: Preparing spawn area: 0%
[18:40:18] [Server thread/INFO]: Time elapsed: 200 ms
[18:40:18] [Server thread/INFO]: [Multiverse-Core] 11 - World(s) loaded.
[18:40:19] [Server thread/INFO]: [Multiverse-Core] Version 4.2.2-b812 (API v24) Enabled - By dumptruckman, Rigby, fernferret, lithium3141 and main--
[18:40:19] [Server thread/INFO]: [WorldGuard] Enabling WorldGuard v7.0.4+f7ff984
[18:40:19] [Server thread/INFO]: [WorldGuard] (spawn) TNT ignition is PERMITTED.
[18:40:19] [Server thread/INFO]: [WorldGuard] (spawn) Lighters are PERMITTED.
[18:40:19] [Server thread/INFO]: [WorldGuard] (spawn) Lava fire is PERMITTED.
[18:40:19] [Server thread/INFO]: [WorldGuard] (spawn) Fire spread is UNRESTRICTED.
[18:40:19] [Server thread/INFO]: [WorldGuard] Loaded configuration for world 'spawn'
[18:40:19] [Server thread/INFO]: [WorldGuard] (graveyard) TNT ignition is PERMITTED.
[18:40:19] [Server thread/INFO]: [WorldGuard] (graveyard) Lighters are PERMITTED.
[18:40:19] [Server thread/INFO]: [WorldGuard] (graveyard) Lava fire is PERMITTED.
[18:40:19] [Server thread/INFO]: [WorldGuard] (graveyard) Fire spread is UNRESTRICTED.
[18:40:19] [Server thread/INFO]: [WorldGuard] Loaded configuration for world 'graveyard'
[18:40:19] [Server thread/INFO]: [WorldGuard] (Brittle_Hollow) TNT ignition is PERMITTED.
[18:40:19] [Server thread/INFO]: [WorldGuard] (Brittle_Hollow) Lighters are PERMITTED.
[18:40:19] [Server thread/INFO]: [WorldGuard] (Brittle_Hollow) Lava fire is PERMITTED.
[18:40:19] [Server thread/INFO]: [WorldGuard] (Brittle_Hollow) Fire spread is UNRESTRICTED.
[18:40:19] [Server thread/INFO]: [WorldGuard] Loaded configuration for world 'Brittle_Hollow'
[18:40:19] [Server thread/INFO]: [WorldGuard] (default) TNT ignition is PERMITTED.
[18:40:19] [Server thread/INFO]: [WorldGuard] (default) Lighters are PERMITTED.
[18:40:19] [Server thread/INFO]: [WorldGuard] (default) Lava fire is PERMITTED.
[18:40:19] [Server thread/INFO]: [WorldGuard] (default) Fire spread is UNRESTRICTED.
[18:40:19] [Server thread/INFO]: [WorldGuard] Loaded configuration for world 'default'
[18:40:19] [Server thread/INFO]: [WorldGuard] (world_the_end) TNT ignition is PERMITTED.
[18:40:19] [Server thread/INFO]: [WorldGuard] (world_the_end) Lighters are PERMITTED.
[18:40:19] [Server thread/INFO]: [WorldGuard] (world_the_end) Lava fire is PERMITTED.
[18:40:19] [Server thread/INFO]: [WorldGuard] (world_the_end) Fire spread is UNRESTRICTED.
[18:40:19] [Server thread/INFO]: [WorldGuard] Loaded configuration for world 'world_the_end'
[18:40:19] [Server thread/INFO]: [WorldGuard] (world_nether) TNT ignition is PERMITTED.
[18:40:19] [Server thread/INFO]: [WorldGuard] (world_nether) Lighters are PERMITTED.
[18:40:19] [Server thread/INFO]: [WorldGuard] (world_nether) Lava fire is PERMITTED.
[18:40:19] [Server thread/INFO]: [WorldGuard] (world_nether) Fire spread is UNRESTRICTED.
[18:40:19] [Server thread/INFO]: [WorldGuard] Loaded configuration for world 'world_nether'
[18:40:19] [Server thread/INFO]: [WorldGuard] (graveyard_backup) TNT ignition is PERMITTED.
[18:40:19] [Server thread/INFO]: [WorldGuard] (graveyard_backup) Lighters are PERMITTED.
[18:40:19] [Server thread/INFO]: [WorldGuard] (graveyard_backup) Lava fire is PERMITTED.
[18:40:19] [Server thread/INFO]: [WorldGuard] (graveyard_backup) Fire spread is UNRESTRICTED.
[18:40:19] [Server thread/INFO]: [WorldGuard] Loaded configuration for world 'graveyard_backup'
[18:40:19] [Server thread/INFO]: [WorldGuard] (Brazil) TNT ignition is PERMITTED.
[18:40:19] [Server thread/INFO]: [WorldGuard] (Brazil) Lighters are PERMITTED.
[18:40:19] [Server thread/INFO]: [WorldGuard] (Brazil) Lava fire is PERMITTED.
[18:40:19] [Server thread/INFO]: [WorldGuard] (Brazil) Fire spread is UNRESTRICTED.
[18:40:19] [Server thread/INFO]: [WorldGuard] Loaded configuration for world 'Brazil'
[18:40:19] [Server thread/INFO]: [WorldGuard] (sandstone_backup) TNT ignition is PERMITTED.
[18:40:19] [Server thread/INFO]: [WorldGuard] (sandstone_backup) Lighters are PERMITTED.
[18:40:19] [Server thread/INFO]: [WorldGuard] (sandstone_backup) Lava fire is PERMITTED.
[18:40:19] [Server thread/INFO]: [WorldGuard] (sandstone_backup) Fire spread is UNRESTRICTED.
[18:40:19] [Server thread/INFO]: [WorldGuard] Loaded configuration for world 'sandstone_backup'
[18:40:19] [Server thread/INFO]: [WorldGuard] (maze) TNT ignition is PERMITTED.
[18:40:19] [Server thread/INFO]: [WorldGuard] (maze) Lighters are PERMITTED.
[18:40:19] [Server thread/INFO]: [WorldGuard] (maze) Lava fire is PERMITTED.
[18:40:19] [Server thread/INFO]: [WorldGuard] (maze) Fire spread is UNRESTRICTED.
[18:40:19] [Server thread/INFO]: [WorldGuard] Loaded configuration for world 'maze'
[18:40:19] [Server thread/INFO]: [WorldGuard] (sandstone) TNT ignition is PERMITTED.
[18:40:19] [Server thread/INFO]: [WorldGuard] (sandstone) Lighters are PERMITTED.
[18:40:19] [Server thread/INFO]: [WorldGuard] (sandstone) Lava fire is PERMITTED.
[18:40:19] [Server thread/INFO]: [WorldGuard] (sandstone) Fire spread is UNRESTRICTED.
[18:40:19] [Server thread/INFO]: [WorldGuard] Loaded configuration for world 'sandstone'
[18:40:19] [Server thread/INFO]: [WorldGuard] Loading region data...
[18:40:20] [Server thread/INFO]: [CTC] Enabling CTC v5.0
[18:40:20] [Server thread/INFO]: [CTC] CTC has been enabled!
[18:40:20] [Server thread/INFO]: Server permissions file permissions.yml is empty, ignoring it
[18:40:20] [Server thread/INFO]: Done (11.199s)! For help, type "help"
[18:40:20] [Server thread/INFO]: [AsyncWorldEdit] Loading plugins...
[18:40:21] [Server thread/INFO]: [TangledMaze] You are running the latest version of Tangled Maze :)
[19:10:10] [AWE:Cron:undoCleanup/INFO]: [AsyncWorldEdit] Undo cleanup started...
[19:10:10] [AWE:Cron:undoCleanup/INFO]: [AsyncWorldEdit] ...undo cleanup done.
[19:24:12] [User Authenticator #1/INFO]: UUID of player TheLuciusCastus is a37ba094-8b39-4504-99a6-3208ae1e4094
[19:24:13] [Server thread/INFO]: TheLuciusCastus[/73.219.196.65:55989] logged in with entity id 459 at ([spawn]24.5, 130.0, -2.5)
[19:24:14] [pool-9-thread-1/INFO]: Creating empty config: C:\Users\nmacl\Desktop\Server\plugins\Essentials\userdata\a37ba094-8b39-4504-99a6-3208ae1e4094.yml
[19:24:21] [Async Chat Thread - #0/INFO]: [[0;37;1mspawn[0;37;1m]<TheLuciusCastus> fuck nolan[m
[19:24:22] [Server thread/INFO]: TheLuciusCastus lost connection: Disconnected
[19:24:22] [Server thread/INFO]: TheLuciusCastus left the game
[19:40:20] [AWE:Cron:undoCleanup/INFO]: [AsyncWorldEdit] Undo cleanup started...
[19:40:20] [AWE:Cron:undoCleanup/INFO]: [AsyncWorldEdit] ...undo cleanup done.
